# JRE version: OpenJDK Runtime Environment Corretto-17.0.11.9.1 (17.0.11+9) (build 17.0.11+9-LTS)
# Java VM: OpenJDK 64-Bit Server VM Corretto-17.0.11.9.1 (17.0.11+9-LTS, mixed mode, sharing, tiered, compressed oops, compressed class ptrs, g1 gc, windows-amd64)
GC Precious Log:
 CPUs: 20 total, 20 available
 Memory: 16004M
 Large Page Support: Disabled
 NUMA Support: Disabled
 Compressed Oops: Enabled (32-bit)
 Heap Region Size: 1M
 Heap Min Capacity: 256M
 Heap Initial Capacity: 256M
 Heap Max Capacity: 512M
 Pre-touch: Disabled
 Parallel Workers: 15
 Concurrent Workers: 4
 Concurrent Refinement Workers: 15
 Periodic GC: Disabled
Heap:
 garbage-first heap   total 280576K, used 152501K [0x00000000e0000000, 0x0000000100000000)
  region size 1024K, 77 young (78848K), 5 survivors (5120K)
 Metaspace       used 75627K, committed 77120K, reserved 344064K
  class space    used 9679K, committed 10368K, reserved 212992K
GC Heap History (20 events):
Event: 3011.768 GC heap before
{Heap before GC invocations=23 (full 0):
 garbage-first heap   total 262144K, used 144918K [0x00000000e0000000, 0x0000000100000000)
  region size 1024K, 12 young (12288K), 10 survivors (10240K)
 Metaspace       used 72940K, committed 74048K, reserved 278528K
  class space    used 9408K, committed 9920K, reserved 212992K
}
Event: 3011.774 GC heap after
{Heap after GC invocations=24 (full 0):
 garbage-first heap   total 262144K, used 121133K [0x00000000e0000000, 0x0000000100000000)
  region size 1024K, 1 young (1024K), 1 survivors (1024K)
 Metaspace       used 72940K, committed 74048K, reserved 278528K
  class space    used 9408K, committed 9920K, reserved 212992K
}
Event: 3011.812 GC heap before
{Heap before GC invocations=24 (full 0):
 garbage-first heap   total 262144K, used 132397K [0x00000000e0000000, 0x0000000100000000)
  region size 1024K, 12 young (12288K), 1 survivors (1024K)
 Metaspace       used 72950K, committed 74048K, reserved 278528K
  class space    used 9408K, committed 9920K, reserved 212992K
}
Event: 3011.816 GC heap after
{Heap after GC invocations=25 (full 0):
 garbage-first heap   total 262144K, used 116260K [0x00000000e0000000, 0x0000000100000000)
  region size 1024K, 2 young (2048K), 2 survivors (2048K)
 Metaspace       used 72950K, committed 74048K, reserved 278528K
  class space    used 9408K, committed 9920K, reserved 212992K
}
Event: 3012.113 GC heap before
{Heap before GC invocations=25 (full 0):
 garbage-first heap   total 262144K, used 204324K [0x00000000e0000000, 0x0000000100000000)
  region size 1024K, 88 young (90112K), 2 survivors (2048K)
 Metaspace       used 72978K, committed 74048K, reserved 278528K
  class space    used 9408K, committed 9920K, reserved 212992K
}
Event: 3012.117 GC heap after
{Heap after GC invocations=26 (full 0):
 garbage-first heap   total 262144K, used 122558K [0x00000000e0000000, 0x0000000100000000)
  region size 1024K, 9 young (9216K), 9 survivors (9216K)
 Metaspace       used 72978K, committed 74048K, reserved 278528K
  class space    used 9408K, committed 9920K, reserved 212992K
}
Event: 3145.930 GC heap before
{Heap before GC invocations=27 (full 0):
 garbage-first heap   total 262144K, used 188094K [0x00000000e0000000, 0x0000000100000000)
  region size 1024K, 91 young (93184K), 9 survivors (9216K)
 Metaspace       used 73144K, committed 74240K, reserved 278528K
  class space    used 9391K, committed 9920K, reserved 212992K
}
Event: 3145.937 GC heap after
{Heap after GC invocations=28 (full 0):
 garbage-first heap   total 262144K, used 113438K [0x00000000e0000000, 0x0000000100000000)
  region size 1024K, 10 young (10240K), 10 survivors (10240K)
 Metaspace       used 73144K, committed 74240K, reserved 278528K
  class space    used 9391K, committed 9920K, reserved 212992K
}
Event: 3145.948 GC heap before
{Heap before GC invocations=28 (full 0):
 garbage-first heap   total 262144K, used 115486K [0x00000000e0000000, 0x0000000100000000)
  region size 1024K, 12 young (12288K), 10 survivors (10240K)
 Metaspace       used 73149K, committed 74240K, reserved 278528K
  class space    used 9391K, committed 9920K, reserved 212992K
}
Event: 3145.953 GC heap after
{Heap after GC invocations=29 (full 0):
 garbage-first heap   total 262144K, used 90159K [0x00000000e0000000, 0x0000000100000000)
  region size 1024K, 2 young (2048K), 2 survivors (2048K)
 Metaspace       used 73149K, committed 74240K, reserved 278528K
  class space    used 9391K, committed 9920K, reserved 212992K
}
Event: 3145.969 GC heap before
{Heap before GC invocations=29 (full 0):
 garbage-first heap   total 262144K, used 100399K [0x00000000e0000000, 0x0000000100000000)
  region size 1024K, 12 young (12288K), 2 survivors (2048K)
 Metaspace       used 73173K, committed 74304K, reserved 278528K
  class space    used 9395K, committed 9920K, reserved 212992K
}
Event: 3145.972 GC heap after
{Heap after GC invocations=30 (full 0):
 garbage-first heap   total 262144K, used 85282K [0x00000000e0000000, 0x0000000100000000)
  region size 1024K, 2 young (2048K), 2 survivors (2048K)
 Metaspace       used 73173K, committed 74304K, reserved 278528K
  class space    used 9395K, committed 9920K, reserved 212992K
}
Event: 4056.745 GC heap before
{Heap before GC invocations=30 (full 0):
 garbage-first heap   total 262144K, used 198946K [0x00000000e0000000, 0x0000000100000000)
  region size 1024K, 114 young (116736K), 2 survivors (2048K)
 Metaspace       used 73554K, committed 74624K, reserved 278528K
  class space    used 9434K, committed 9920K, reserved 212992K
}
Event: 4056.750 GC heap after
{Heap after GC invocations=31 (full 0):
 garbage-first heap   total 353280K, used 91258K [0x00000000e0000000, 0x0000000100000000)
  region size 1024K, 8 young (8192K), 8 survivors (8192K)
 Metaspace       used 73554K, committed 74624K, reserved 278528K
  class space    used 9434K, committed 9920K, reserved 212992K
}
Event: 4167.795 GC heap before
{Heap before GC invocations=32 (full 0):
 garbage-first heap   total 304128K, used 265338K [0x00000000e0000000, 0x0000000100000000)
  region size 1024K, 183 young (187392K), 8 survivors (8192K)
 Metaspace       used 74168K, committed 75264K, reserved 278528K
  class space    used 9465K, committed 9920K, reserved 212992K
}
Event: 4167.802 GC heap after
{Heap after GC invocations=33 (full 0):
 garbage-first heap   total 304128K, used 96098K [0x00000000e0000000, 0x0000000100000000)
  region size 1024K, 16 young (16384K), 16 survivors (16384K)
 Metaspace       used 74168K, committed 75264K, reserved 278528K
  class space    used 9465K, committed 9920K, reserved 212992K
}
Event: 4167.805 GC heap before
{Heap before GC invocations=33 (full 0):
 garbage-first heap   total 304128K, used 97122K [0x00000000e0000000, 0x0000000100000000)
  region size 1024K, 17 young (17408K), 16 survivors (16384K)
 Metaspace       used 74168K, committed 75264K, reserved 278528K
  class space    used 9465K, committed 9920K, reserved 212992K
}
Event: 4167.810 GC heap after
{Heap after GC invocations=34 (full 0):
 garbage-first heap   total 304128K, used 79571K [0x00000000e0000000, 0x0000000100000000)
  region size 1024K, 2 young (2048K), 2 survivors (2048K)
 Metaspace       used 74168K, committed 75264K, reserved 278528K
  class space    used 9465K, committed 9920K, reserved 212992K
}
Event: 4532.702 GC heap before
{Heap before GC invocations=34 (full 0):
 garbage-first heap   total 304128K, used 232147K [0x00000000e0000000, 0x0000000100000000)
  region size 1024K, 152 young (155648K), 2 survivors (2048K)
 Metaspace       used 74641K, committed 75776K, reserved 344064K
  class space    used 9479K, committed 9984K, reserved 212992K
}
Event: 4532.706 GC heap after
{Heap after GC invocations=35 (full 0):
 garbage-first heap   total 304128K, used 81845K [0x00000000e0000000, 0x0000000100000000)
  region size 1024K, 5 young (5120K), 5 survivors (5120K)
 Metaspace       used 74641K, committed 75776K, reserved 344064K
  class space    used 9479K, committed 9984K, reserved 212992K
}

